Using pre-set license
Built from '2020.3/staging' branch; Version is '2020.3.4f1 (0abb6314276a) revision 703331'; Using compiler version '192528614'; Build Type 'Release'
OS: 'Windows 10 Pro; OS build 19042.1526; Version 2009; 64bit' Language: 'en' Physical Memory: 16204 MB
BatchMode: 1, IsHumanControllingUs: 0, StartBugReporterOnCrash: 0, Is64bit: 1, IsPro: 0

 COMMAND LINE ARGUMENTS:
C:\Program Files\Unity\Hub\Editor\2020.3.4f1\Editor\Unity.exe
-adb2
-batchMode
-noUpm
-name
AssetImportWorker0
-projectPath
D:/Unity Projects/Tamasenco - Unity Assignment
-logFile
Logs/AssetImportWorker0.log
-srvPort
62612
Successfully changed project path to: D:/Unity Projects/Tamasenco - Unity Assignment
D:/Unity Projects/Tamasenco - Unity Assignment
Using Asset Import Pipeline V2.
Refreshing native plugins compatible for Editor in 29.95 ms, found 1 plugins.
Preloading 0 native plugins for Editor in 0.00 ms.
Initialize engine version: 2020.3.4f1 (0abb6314276a)
[Subsystems] Discovering subsystems at path C:/Program Files/Unity/Hub/Editor/2020.3.4f1/Editor/Data/Resources/UnitySubsystems
[Subsystems] Discovering subsystems at path D:/Unity Projects/Tamasenco - Unity Assignment/Assets
GfxDevice: creating device client; threaded=0
Direct3D:
    Version:  Direct3D 11.0 [level 11.1]
    Renderer: Radeon (TM) RX 480 Graphics (ID=0x67df)
    Vendor:   
    VRAM:     4075 MB
    Driver:   30.0.13023.1012
Initialize mono
Mono path[0] = 'C:/Program Files/Unity/Hub/Editor/2020.3.4f1/Editor/Data/Managed'
Mono path[1] = 'C:/Program Files/Unity/Hub/Editor/2020.3.4f1/Editor/Data/MonoBleedingEdge/lib/mono/unityjit'
Mono config path = 'C:/Program Files/Unity/Hub/Editor/2020.3.4f1/Editor/Data/MonoBleedingEdge/etc'
Using monoOptions --debugger-agent=transport=dt_socket,embedding=1,server=y,suspend=n,address=127.0.0.1:56032
Begin MonoManager ReloadAssembly
Registering precompiled unity dll's ...
Register platform support module: C:/Program Files/Unity/Hub/Editor/2020.3.4f1/Editor/Data/PlaybackEngines/WindowsStandaloneSupport/UnityEditor.WindowsStandalone.Extensions.dll
Registered in 0.001816 seconds.
Native extension for WindowsStandalone target not found
Refreshing native plugins compatible for Editor in 33.90 ms, found 1 plugins.
Preloading 0 native plugins for Editor in 0.00 ms.
Mono: successfully reloaded assembly
- Completed reload, in  1.645 seconds
Platform modules already initialized, skipping
Registering precompiled user dll's ...
Registered in 0.001863 seconds.
Begin MonoManager ReloadAssembly
Native extension for WindowsStandalone target not found
Refreshing native plugins compatible for Editor in 30.85 ms, found 1 plugins.
Preloading 0 native plugins for Editor in 0.00 ms.
Mono: successfully reloaded assembly
- Completed reload, in  0.784 seconds
Platform modules already initialized, skipping
========================================================================
Worker process is ready to serve import requests
Launched and connected shader compiler UnityShaderCompiler.exe after 0.03 seconds
Refreshing native plugins compatible for Editor in 0.34 ms, found 1 plugins.
Preloading 0 native plugins for Editor in 0.00 ms.
Unloading 1836 Unused Serialized files (Serialized files now loaded: 0)
System memory in use before: 87.5 MB.
System memory in use after: 87.5 MB.

Unloading 27 unused Assets to reduce memory usage. Loaded Objects now: 2281.
Total: 2.014100 ms (FindLiveObjects: 0.241100 ms CreateObjectMapping: 0.113400 ms MarkObjects: 1.547700 ms  DeleteObjects: 0.111000 ms)

========================================================================
Received Import Request.
  path: Assets/Scripts/DeckController.cs
  artifactKey: Guid(fee0f776ea96a1f4fb15dfa3e4eebd3c) Importer(815301076,1909f56bfc062723c751e8b465ee728b)
Start importing Assets/Scripts/DeckController.cs using Guid(fee0f776ea96a1f4fb15dfa3e4eebd3c) Importer(815301076,1909f56bfc062723c751e8b465ee728b)  -> (artifact id: '170e33795cd892422c50b51a0533ddd5') in 0.039195 seconds
  Import took 0.041669 seconds .

========================================================================
Received Import Request.
  Time since last request: 50.943507 seconds.
  path: Assets/Scripts/ActionController.cs
  artifactKey: Guid(e7e39d0233c6b7547a8e179fe8c1704f) Importer(815301076,1909f56bfc062723c751e8b465ee728b)
Start importing Assets/Scripts/ActionController.cs using Guid(e7e39d0233c6b7547a8e179fe8c1704f) Importer(815301076,1909f56bfc062723c751e8b465ee728b)  -> (artifact id: '9e7721a75044f8fb06c91536961f10c7') in 0.001619 seconds
  Import took 0.004130 seconds .

========================================================================
Received Prepare
Registering precompiled user dll's ...
Registered in 0.001757 seconds.
Begin MonoManager ReloadAssembly
Native extension for WindowsStandalone target not found
Refreshing native plugins compatible for Editor in 0.33 ms, found 1 plugins.
Preloading 0 native plugins for Editor in 0.00 ms.
Mono: successfully reloaded assembly
- Completed reload, in  0.694 seconds
Platform modules already initialized, skipping
Refreshing native plugins compatible for Editor in 0.33 ms, found 1 plugins.
Preloading 0 native plugins for Editor in 0.00 ms.
Unloading 1819 Unused Serialized files (Serialized files now loaded: 0)
System memory in use before: 86.2 MB.
System memory in use after: 86.2 MB.

Unloading 15 unused Assets to reduce memory usage. Loaded Objects now: 2286.
Total: 2.214300 ms (FindLiveObjects: 0.257000 ms CreateObjectMapping: 0.119900 ms MarkObjects: 1.728800 ms  DeleteObjects: 0.107500 ms)

========================================================================
Received Import Request.
  Time since last request: 951.764724 seconds.
  path: Assets/Scripts/ActionController.cs
  artifactKey: Guid(e7e39d0233c6b7547a8e179fe8c1704f) Importer(815301076,1909f56bfc062723c751e8b465ee728b)
Start importing Assets/Scripts/ActionController.cs using Guid(e7e39d0233c6b7547a8e179fe8c1704f) Importer(815301076,1909f56bfc062723c751e8b465ee728b)  -> (artifact id: '21606abeee1ab43cea15c4cb9b62788e') in 0.005495 seconds
  Import took 0.008504 seconds .

========================================================================
Received Prepare
Registering precompiled user dll's ...
Registered in 0.001853 seconds.
Begin MonoManager ReloadAssembly
Native extension for WindowsStandalone target not found
Refreshing native plugins compatible for Editor in 0.34 ms, found 1 plugins.
Preloading 0 native plugins for Editor in 0.00 ms.
Mono: successfully reloaded assembly
- Completed reload, in  0.685 seconds
Platform modules already initialized, skipping
Refreshing native plugins compatible for Editor in 0.32 ms, found 1 plugins.
Preloading 0 native plugins for Editor in 0.00 ms.
Unloading 1819 Unused Serialized files (Serialized files now loaded: 0)
System memory in use before: 86.2 MB.
System memory in use after: 86.2 MB.

Unloading 15 unused Assets to reduce memory usage. Loaded Objects now: 2290.
Total: 1.815600 ms (FindLiveObjects: 0.181200 ms CreateObjectMapping: 0.075200 ms MarkObjects: 1.472400 ms  DeleteObjects: 0.085800 ms)

========================================================================
Received Prepare
Registering precompiled user dll's ...
Registered in 0.001866 seconds.
Begin MonoManager ReloadAssembly
Native extension for WindowsStandalone target not found
Refreshing native plugins compatible for Editor in 0.33 ms, found 1 plugins.
Preloading 0 native plugins for Editor in 0.00 ms.
Mono: successfully reloaded assembly
- Completed reload, in  0.687 seconds
Platform modules already initialized, skipping
Refreshing native plugins compatible for Editor in 0.32 ms, found 1 plugins.
Preloading 0 native plugins for Editor in 0.00 ms.
Unloading 1819 Unused Serialized files (Serialized files now loaded: 0)
System memory in use before: 86.3 MB.
System memory in use after: 86.2 MB.

Unloading 15 unused Assets to reduce memory usage. Loaded Objects now: 2294.
Total: 1.757800 ms (FindLiveObjects: 0.176900 ms CreateObjectMapping: 0.062500 ms MarkObjects: 1.425600 ms  DeleteObjects: 0.092000 ms)

========================================================================
Received Prepare
Registering precompiled user dll's ...
Registered in 0.001909 seconds.
Begin MonoManager ReloadAssembly
Native extension for WindowsStandalone target not found
Refreshing native plugins compatible for Editor in 0.33 ms, found 1 plugins.
Preloading 0 native plugins for Editor in 0.00 ms.
Mono: successfully reloaded assembly
- Completed reload, in  0.679 seconds
Platform modules already initialized, skipping
Refreshing native plugins compatible for Editor in 0.34 ms, found 1 plugins.
Preloading 0 native plugins for Editor in 0.00 ms.
Unloading 1819 Unused Serialized files (Serialized files now loaded: 0)
System memory in use before: 86.3 MB.
System memory in use after: 86.2 MB.

Unloading 15 unused Assets to reduce memory usage. Loaded Objects now: 2298.
Total: 1.797400 ms (FindLiveObjects: 0.191100 ms CreateObjectMapping: 0.070400 ms MarkObjects: 1.441600 ms  DeleteObjects: 0.093400 ms)

========================================================================
Received Prepare
Registering precompiled user dll's ...
Registered in 0.001827 seconds.
Begin MonoManager ReloadAssembly
Native extension for WindowsStandalone target not found
Refreshing native plugins compatible for Editor in 0.33 ms, found 1 plugins.
Preloading 0 native plugins for Editor in 0.00 ms.
Mono: successfully reloaded assembly
- Completed reload, in  0.678 seconds
Platform modules already initialized, skipping
Refreshing native plugins compatible for Editor in 0.32 ms, found 1 plugins.
Preloading 0 native plugins for Editor in 0.00 ms.
Unloading 1819 Unused Serialized files (Serialized files now loaded: 0)
System memory in use before: 86.3 MB.
System memory in use after: 86.3 MB.

Unloading 15 unused Assets to reduce memory usage. Loaded Objects now: 2302.
Total: 2.225000 ms (FindLiveObjects: 0.311600 ms CreateObjectMapping: 0.077700 ms MarkObjects: 1.731200 ms  DeleteObjects: 0.103800 ms)

========================================================================
Received Prepare
Registering precompiled user dll's ...
Registered in 0.001814 seconds.
Begin MonoManager ReloadAssembly
Native extension for WindowsStandalone target not found
Refreshing native plugins compatible for Editor in 0.33 ms, found 1 plugins.
Preloading 0 native plugins for Editor in 0.00 ms.
Mono: successfully reloaded assembly
- Completed reload, in  0.678 seconds
Platform modules already initialized, skipping
Refreshing native plugins compatible for Editor in 0.32 ms, found 1 plugins.
Preloading 0 native plugins for Editor in 0.00 ms.
Unloading 1819 Unused Serialized files (Serialized files now loaded: 0)
System memory in use before: 86.3 MB.
System memory in use after: 86.3 MB.

Unloading 15 unused Assets to reduce memory usage. Loaded Objects now: 2306.
Total: 1.980500 ms (FindLiveObjects: 0.211500 ms CreateObjectMapping: 0.083900 ms MarkObjects: 1.588100 ms  DeleteObjects: 0.096400 ms)

========================================================================
Received Prepare
Registering precompiled user dll's ...
Registered in 0.001992 seconds.
Begin MonoManager ReloadAssembly
Native extension for WindowsStandalone target not found
Refreshing native plugins compatible for Editor in 0.34 ms, found 1 plugins.
Preloading 0 native plugins for Editor in 0.00 ms.
Mono: successfully reloaded assembly
- Completed reload, in  0.724 seconds
Platform modules already initialized, skipping
Refreshing native plugins compatible for Editor in 0.36 ms, found 1 plugins.
Preloading 0 native plugins for Editor in 0.00 ms.
Unloading 1819 Unused Serialized files (Serialized files now loaded: 0)
System memory in use before: 86.3 MB.
System memory in use after: 86.3 MB.

Unloading 15 unused Assets to reduce memory usage. Loaded Objects now: 2310.
Total: 1.752200 ms (FindLiveObjects: 0.193700 ms CreateObjectMapping: 0.075500 ms MarkObjects: 1.390600 ms  DeleteObjects: 0.091500 ms)

========================================================================
Received Prepare
Registering precompiled user dll's ...
Registered in 0.001798 seconds.
Begin MonoManager ReloadAssembly
Native extension for WindowsStandalone target not found
Refreshing native plugins compatible for Editor in 0.34 ms, found 1 plugins.
Preloading 0 native plugins for Editor in 0.00 ms.
Mono: successfully reloaded assembly
- Completed reload, in  0.716 seconds
Platform modules already initialized, skipping
Refreshing native plugins compatible for Editor in 0.36 ms, found 1 plugins.
Preloading 0 native plugins for Editor in 0.00 ms.
Unloading 1819 Unused Serialized files (Serialized files now loaded: 0)
System memory in use before: 86.3 MB.
System memory in use after: 86.3 MB.

Unloading 15 unused Assets to reduce memory usage. Loaded Objects now: 2314.
Total: 1.815600 ms (FindLiveObjects: 0.200000 ms CreateObjectMapping: 0.067700 ms MarkObjects: 1.454600 ms  DeleteObjects: 0.092300 ms)

========================================================================
Received Prepare
Registering precompiled user dll's ...
Registered in 0.001816 seconds.
Begin MonoManager ReloadAssembly
Native extension for WindowsStandalone target not found
Refreshing native plugins compatible for Editor in 0.33 ms, found 1 plugins.
Preloading 0 native plugins for Editor in 0.00 ms.
Mono: successfully reloaded assembly
- Completed reload, in  0.699 seconds
Platform modules already initialized, skipping
Refreshing native plugins compatible for Editor in 0.58 ms, found 1 plugins.
Preloading 0 native plugins for Editor in 0.00 ms.
Unloading 1819 Unused Serialized files (Serialized files now loaded: 0)
System memory in use before: 86.3 MB.
System memory in use after: 86.3 MB.

Unloading 15 unused Assets to reduce memory usage. Loaded Objects now: 2318.
Total: 1.862200 ms (FindLiveObjects: 0.218300 ms CreateObjectMapping: 0.075300 ms MarkObjects: 1.472400 ms  DeleteObjects: 0.095200 ms)

========================================================================
Received Prepare
Registering precompiled user dll's ...
Registered in 0.001764 seconds.
Begin MonoManager ReloadAssembly
Native extension for WindowsStandalone target not found
Refreshing native plugins compatible for Editor in 0.33 ms, found 1 plugins.
Preloading 0 native plugins for Editor in 0.00 ms.
Mono: successfully reloaded assembly
- Completed reload, in  0.663 seconds
Platform modules already initialized, skipping
Refreshing native plugins compatible for Editor in 0.31 ms, found 1 plugins.
Preloading 0 native plugins for Editor in 0.00 ms.
Unloading 1819 Unused Serialized files (Serialized files now loaded: 0)
System memory in use before: 86.3 MB.
System memory in use after: 86.3 MB.

Unloading 15 unused Assets to reduce memory usage. Loaded Objects now: 2322.
Total: 1.638800 ms (FindLiveObjects: 0.174200 ms CreateObjectMapping: 0.058900 ms MarkObjects: 1.323100 ms  DeleteObjects: 0.081900 ms)

========================================================================
Received Prepare
Registering precompiled user dll's ...
Registered in 0.001932 seconds.
Begin MonoManager ReloadAssembly
Native extension for WindowsStandalone target not found
Refreshing native plugins compatible for Editor in 0.34 ms, found 1 plugins.
Preloading 0 native plugins for Editor in 0.00 ms.
Mono: successfully reloaded assembly
- Completed reload, in  0.720 seconds
Platform modules already initialized, skipping
Refreshing native plugins compatible for Editor in 0.32 ms, found 1 plugins.
Preloading 0 native plugins for Editor in 0.00 ms.
Unloading 1819 Unused Serialized files (Serialized files now loaded: 0)
System memory in use before: 86.3 MB.
System memory in use after: 86.3 MB.

Unloading 15 unused Assets to reduce memory usage. Loaded Objects now: 2326.
Total: 1.873100 ms (FindLiveObjects: 0.312300 ms CreateObjectMapping: 0.123100 ms MarkObjects: 1.344300 ms  DeleteObjects: 0.092200 ms)

========================================================================
Received Prepare
Registering precompiled user dll's ...
Registered in 0.001929 seconds.
Begin MonoManager ReloadAssembly
Native extension for WindowsStandalone target not found
Refreshing native plugins compatible for Editor in 0.35 ms, found 1 plugins.
Preloading 0 native plugins for Editor in 0.00 ms.
Mono: successfully reloaded assembly
- Completed reload, in  0.663 seconds
Platform modules already initialized, skipping
Refreshing native plugins compatible for Editor in 0.32 ms, found 1 plugins.
Preloading 0 native plugins for Editor in 0.00 ms.
Unloading 1819 Unused Serialized files (Serialized files now loaded: 0)
System memory in use before: 86.3 MB.
System memory in use after: 86.3 MB.

Unloading 15 unused Assets to reduce memory usage. Loaded Objects now: 2330.
Total: 1.789700 ms (FindLiveObjects: 0.165900 ms CreateObjectMapping: 0.061000 ms MarkObjects: 1.470600 ms  DeleteObjects: 0.091200 ms)

========================================================================
Received Prepare
Registering precompiled user dll's ...
Registered in 0.001778 seconds.
Begin MonoManager ReloadAssembly
Native extension for WindowsStandalone target not found
Refreshing native plugins compatible for Editor in 0.34 ms, found 1 plugins.
Preloading 0 native plugins for Editor in 0.00 ms.
Mono: successfully reloaded assembly
- Completed reload, in  0.670 seconds
Platform modules already initialized, skipping
Refreshing native plugins compatible for Editor in 0.32 ms, found 1 plugins.
Preloading 0 native plugins for Editor in 0.00 ms.
Unloading 1819 Unused Serialized files (Serialized files now loaded: 0)
System memory in use before: 86.4 MB.
System memory in use after: 86.3 MB.

Unloading 15 unused Assets to reduce memory usage. Loaded Objects now: 2334.
Total: 1.815700 ms (FindLiveObjects: 0.169400 ms CreateObjectMapping: 0.057100 ms MarkObjects: 1.499000 ms  DeleteObjects: 0.089600 ms)

========================================================================
Received Prepare
Registering precompiled user dll's ...
Registered in 0.001884 seconds.
Begin MonoManager ReloadAssembly
Native extension for WindowsStandalone target not found
Refreshing native plugins compatible for Editor in 0.36 ms, found 1 plugins.
Preloading 0 native plugins for Editor in 0.00 ms.
Mono: successfully reloaded assembly
- Completed reload, in  0.718 seconds
Platform modules already initialized, skipping
Refreshing native plugins compatible for Editor in 0.41 ms, found 1 plugins.
Preloading 0 native plugins for Editor in 0.00 ms.
Unloading 1819 Unused Serialized files (Serialized files now loaded: 0)
System memory in use before: 86.4 MB.
System memory in use after: 86.3 MB.

Unloading 15 unused Assets to reduce memory usage. Loaded Objects now: 2338.
Total: 1.852600 ms (FindLiveObjects: 0.200100 ms CreateObjectMapping: 0.078800 ms MarkObjects: 1.478200 ms  DeleteObjects: 0.094400 ms)

========================================================================
Received Prepare
Registering precompiled user dll's ...
Registered in 0.001808 seconds.
Begin MonoManager ReloadAssembly
Native extension for WindowsStandalone target not found
Refreshing native plugins compatible for Editor in 0.34 ms, found 1 plugins.
Preloading 0 native plugins for Editor in 0.00 ms.
Mono: successfully reloaded assembly
- Completed reload, in  0.710 seconds
Platform modules already initialized, skipping
Refreshing native plugins compatible for Editor in 0.34 ms, found 1 plugins.
Preloading 0 native plugins for Editor in 0.00 ms.
Unloading 1819 Unused Serialized files (Serialized files now loaded: 0)
System memory in use before: 86.4 MB.
System memory in use after: 86.3 MB.

Unloading 15 unused Assets to reduce memory usage. Loaded Objects now: 2342.
Total: 1.928800 ms (FindLiveObjects: 0.297600 ms CreateObjectMapping: 0.139700 ms MarkObjects: 1.390400 ms  DeleteObjects: 0.099700 ms)

========================================================================
Received Prepare
Registering precompiled user dll's ...
Registered in 0.001888 seconds.
Begin MonoManager ReloadAssembly
Native extension for WindowsStandalone target not found
Refreshing native plugins compatible for Editor in 0.33 ms, found 1 plugins.
Preloading 0 native plugins for Editor in 0.00 ms.
Mono: successfully reloaded assembly
- Completed reload, in  0.680 seconds
Platform modules already initialized, skipping
Refreshing native plugins compatible for Editor in 0.31 ms, found 1 plugins.
Preloading 0 native plugins for Editor in 0.00 ms.
Unloading 1819 Unused Serialized files (Serialized files now loaded: 0)
System memory in use before: 86.4 MB.
System memory in use after: 86.4 MB.

Unloading 15 unused Assets to reduce memory usage. Loaded Objects now: 2346.
Total: 1.864700 ms (FindLiveObjects: 0.173700 ms CreateObjectMapping: 0.063200 ms MarkObjects: 1.540400 ms  DeleteObjects: 0.086700 ms)

========================================================================
Received Prepare
Registering precompiled user dll's ...
Registered in 0.001898 seconds.
Begin MonoManager ReloadAssembly
Native extension for WindowsStandalone target not found
Refreshing native plugins compatible for Editor in 0.35 ms, found 1 plugins.
Preloading 0 native plugins for Editor in 0.00 ms.
Mono: successfully reloaded assembly
- Completed reload, in  0.717 seconds
Platform modules already initialized, skipping
Refreshing native plugins compatible for Editor in 0.34 ms, found 1 plugins.
Preloading 0 native plugins for Editor in 0.00 ms.
Unloading 1819 Unused Serialized files (Serialized files now loaded: 0)
System memory in use before: 86.4 MB.
System memory in use after: 86.4 MB.

Unloading 15 unused Assets to reduce memory usage. Loaded Objects now: 2350.
Total: 1.821500 ms (FindLiveObjects: 0.226300 ms CreateObjectMapping: 0.069700 ms MarkObjects: 1.432800 ms  DeleteObjects: 0.091500 ms)

========================================================================
Received Prepare
Registering precompiled user dll's ...
Registered in 0.001836 seconds.
Begin MonoManager ReloadAssembly
Native extension for WindowsStandalone target not found
Refreshing native plugins compatible for Editor in 0.34 ms, found 1 plugins.
Preloading 0 native plugins for Editor in 0.00 ms.
Mono: successfully reloaded assembly
- Completed reload, in  0.676 seconds
Platform modules already initialized, skipping
Refreshing native plugins compatible for Editor in 0.30 ms, found 1 plugins.
Preloading 0 native plugins for Editor in 0.00 ms.
Unloading 1819 Unused Serialized files (Serialized files now loaded: 0)
System memory in use before: 86.4 MB.
System memory in use after: 86.4 MB.

Unloading 15 unused Assets to reduce memory usage. Loaded Objects now: 2354.
Total: 1.675800 ms (FindLiveObjects: 0.216000 ms CreateObjectMapping: 0.075100 ms MarkObjects: 1.294700 ms  DeleteObjects: 0.089200 ms)

========================================================================
Received Prepare
Registering precompiled user dll's ...
Registered in 0.002041 seconds.
Begin MonoManager ReloadAssembly
Native extension for WindowsStandalone target not found
Refreshing native plugins compatible for Editor in 0.35 ms, found 1 plugins.
Preloading 0 native plugins for Editor in 0.00 ms.
Mono: successfully reloaded assembly
- Completed reload, in  0.734 seconds
Platform modules already initialized, skipping
Refreshing native plugins compatible for Editor in 0.37 ms, found 1 plugins.
Preloading 0 native plugins for Editor in 0.00 ms.
Unloading 1819 Unused Serialized files (Serialized files now loaded: 0)
System memory in use before: 86.4 MB.
System memory in use after: 86.4 MB.

Unloading 15 unused Assets to reduce memory usage. Loaded Objects now: 2358.
Total: 1.834500 ms (FindLiveObjects: 0.204400 ms CreateObjectMapping: 0.071300 ms MarkObjects: 1.446400 ms  DeleteObjects: 0.111300 ms)

========================================================================
Received Prepare
Registering precompiled user dll's ...
Registered in 0.001761 seconds.
Begin MonoManager ReloadAssembly
Native extension for WindowsStandalone target not found
Refreshing native plugins compatible for Editor in 0.35 ms, found 1 plugins.
Preloading 0 native plugins for Editor in 0.00 ms.
Mono: successfully reloaded assembly
- Completed reload, in  0.669 seconds
Platform modules already initialized, skipping
Refreshing native plugins compatible for Editor in 0.32 ms, found 1 plugins.
Preloading 0 native plugins for Editor in 0.00 ms.
Unloading 1819 Unused Serialized files (Serialized files now loaded: 0)
System memory in use before: 86.4 MB.
System memory in use after: 86.4 MB.

Unloading 15 unused Assets to reduce memory usage. Loaded Objects now: 2362.
Total: 1.709100 ms (FindLiveObjects: 0.197400 ms CreateObjectMapping: 0.071100 ms MarkObjects: 1.352400 ms  DeleteObjects: 0.087400 ms)

========================================================================
Received Prepare
Registering precompiled user dll's ...
Registered in 0.001830 seconds.
Begin MonoManager ReloadAssembly
Native extension for WindowsStandalone target not found
Refreshing native plugins compatible for Editor in 0.33 ms, found 1 plugins.
Preloading 0 native plugins for Editor in 0.00 ms.
Mono: successfully reloaded assembly
- Completed reload, in  0.664 seconds
Platform modules already initialized, skipping
Refreshing native plugins compatible for Editor in 0.30 ms, found 1 plugins.
Preloading 0 native plugins for Editor in 0.00 ms.
Unloading 1819 Unused Serialized files (Serialized files now loaded: 0)
System memory in use before: 86.4 MB.
System memory in use after: 86.4 MB.

Unloading 15 unused Assets to reduce memory usage. Loaded Objects now: 2366.
Total: 1.955700 ms (FindLiveObjects: 0.340100 ms CreateObjectMapping: 0.144900 ms MarkObjects: 1.395800 ms  DeleteObjects: 0.074200 ms)

========================================================================
Received Prepare
Registering precompiled user dll's ...
Registered in 0.001850 seconds.
Begin MonoManager ReloadAssembly
Native extension for WindowsStandalone target not found
Refreshing native plugins compatible for Editor in 0.32 ms, found 1 plugins.
Preloading 0 native plugins for Editor in 0.00 ms.
Mono: successfully reloaded assembly
- Completed reload, in  0.690 seconds
Platform modules already initialized, skipping
Refreshing native plugins compatible for Editor in 0.34 ms, found 1 plugins.
Preloading 0 native plugins for Editor in 0.00 ms.
Unloading 1819 Unused Serialized files (Serialized files now loaded: 0)
System memory in use before: 86.4 MB.
System memory in use after: 86.4 MB.

Unloading 15 unused Assets to reduce memory usage. Loaded Objects now: 2370.
Total: 1.883000 ms (FindLiveObjects: 0.263600 ms CreateObjectMapping: 0.087900 ms MarkObjects: 1.449200 ms  DeleteObjects: 0.081200 ms)

========================================================================
Received Prepare
Registering precompiled user dll's ...
Registered in 0.001820 seconds.
Begin MonoManager ReloadAssembly
Native extension for WindowsStandalone target not found
Refreshing native plugins compatible for Editor in 0.33 ms, found 1 plugins.
Preloading 0 native plugins for Editor in 0.00 ms.
Mono: successfully reloaded assembly
- Completed reload, in  0.666 seconds
Platform modules already initialized, skipping
Refreshing native plugins compatible for Editor in 0.32 ms, found 1 plugins.
Preloading 0 native plugins for Editor in 0.00 ms.
Unloading 1819 Unused Serialized files (Serialized files now loaded: 0)
System memory in use before: 86.4 MB.
System memory in use after: 86.4 MB.

Unloading 15 unused Assets to reduce memory usage. Loaded Objects now: 2374.
Total: 1.903800 ms (FindLiveObjects: 0.167400 ms CreateObjectMapping: 0.065000 ms MarkObjects: 1.581600 ms  DeleteObjects: 0.089100 ms)

========================================================================
Received Prepare
Registering precompiled user dll's ...
Registered in 0.001793 seconds.
Begin MonoManager ReloadAssembly
Native extension for WindowsStandalone target not found
Refreshing native plugins compatible for Editor in 0.33 ms, found 1 plugins.
Preloading 0 native plugins for Editor in 0.00 ms.
Mono: successfully reloaded assembly
- Completed reload, in  0.667 seconds
Platform modules already initialized, skipping
Refreshing native plugins compatible for Editor in 0.32 ms, found 1 plugins.
Preloading 0 native plugins for Editor in 0.00 ms.
Unloading 1819 Unused Serialized files (Serialized files now loaded: 0)
System memory in use before: 86.4 MB.
System memory in use after: 86.4 MB.

Unloading 15 unused Assets to reduce memory usage. Loaded Objects now: 2378.
Total: 1.685000 ms (FindLiveObjects: 0.186200 ms CreateObjectMapping: 0.056800 ms MarkObjects: 1.355400 ms  DeleteObjects: 0.085500 ms)

========================================================================
Received Prepare
Registering precompiled user dll's ...
Registered in 0.001881 seconds.
Begin MonoManager ReloadAssembly
Native extension for WindowsStandalone target not found
Refreshing native plugins compatible for Editor in 0.33 ms, found 1 plugins.
Preloading 0 native plugins for Editor in 0.00 ms.
Mono: successfully reloaded assembly
- Completed reload, in  0.668 seconds
Platform modules already initialized, skipping
Refreshing native plugins compatible for Editor in 0.32 ms, found 1 plugins.
Preloading 0 native plugins for Editor in 0.00 ms.
Unloading 1819 Unused Serialized files (Serialized files now loaded: 0)
System memory in use before: 86.5 MB.
System memory in use after: 86.4 MB.

Unloading 15 unused Assets to reduce memory usage. Loaded Objects now: 2382.
Total: 1.738400 ms (FindLiveObjects: 0.182200 ms CreateObjectMapping: 0.065500 ms MarkObjects: 1.406900 ms  DeleteObjects: 0.083100 ms)

========================================================================
Received Prepare
Registering precompiled user dll's ...
Registered in 0.001865 seconds.
Begin MonoManager ReloadAssembly
Native extension for WindowsStandalone target not found
Refreshing native plugins compatible for Editor in 0.33 ms, found 1 plugins.
Preloading 0 native plugins for Editor in 0.00 ms.
Mono: successfully reloaded assembly
- Completed reload, in  0.675 seconds
Platform modules already initialized, skipping
Refreshing native plugins compatible for Editor in 0.31 ms, found 1 plugins.
Preloading 0 native plugins for Editor in 0.00 ms.
Unloading 1819 Unused Serialized files (Serialized files now loaded: 0)
System memory in use before: 86.5 MB.
System memory in use after: 86.4 MB.

Unloading 15 unused Assets to reduce memory usage. Loaded Objects now: 2386.
Total: 1.907600 ms (FindLiveObjects: 0.173400 ms CreateObjectMapping: 0.065600 ms MarkObjects: 1.570200 ms  DeleteObjects: 0.097600 ms)

========================================================================
Received Import Request.
  Time since last request: 8831.624171 seconds.
  path: Assets/Prefabs/SelectDeckButton.prefab
  artifactKey: Guid(12e3ae43a8662894389d53681c8dba27) Importer(815301076,1909f56bfc062723c751e8b465ee728b)
Start importing Assets/Prefabs/SelectDeckButton.prefab using Guid(12e3ae43a8662894389d53681c8dba27) Importer(815301076,1909f56bfc062723c751e8b465ee728b)  -> (artifact id: '6ee3d5766611dc7fb8831853a323e039') in 0.038886 seconds
  Import took 0.053944 seconds .

========================================================================
Received Import Request.
  Time since last request: 51.593559 seconds.
  path: Assets/Prefabs/SelectDeckButton.prefab
  artifactKey: Guid(12e3ae43a8662894389d53681c8dba27) Importer(815301076,1909f56bfc062723c751e8b465ee728b)
Start importing Assets/Prefabs/SelectDeckButton.prefab using Guid(12e3ae43a8662894389d53681c8dba27) Importer(815301076,1909f56bfc062723c751e8b465ee728b)  -> (artifact id: 'b4c1dbcc61acecaa6e7bc051fd911e33') in 0.003219 seconds
  Import took 0.021878 seconds .

========================================================================
Received Prepare
Registering precompiled user dll's ...
Registered in 0.001908 seconds.
Begin MonoManager ReloadAssembly
Native extension for WindowsStandalone target not found
Refreshing native plugins compatible for Editor in 0.33 ms, found 1 plugins.
Preloading 0 native plugins for Editor in 0.00 ms.
Mono: successfully reloaded assembly
- Completed reload, in  0.669 seconds
Platform modules already initialized, skipping
Refreshing native plugins compatible for Editor in 0.33 ms, found 1 plugins.
Preloading 0 native plugins for Editor in 0.00 ms.
Unloading 1819 Unused Serialized files (Serialized files now loaded: 0)
System memory in use before: 86.6 MB.
System memory in use after: 86.5 MB.

Unloading 16 unused Assets to reduce memory usage. Loaded Objects now: 2392.
Total: 1.862400 ms (FindLiveObjects: 0.160800 ms CreateObjectMapping: 0.056100 ms MarkObjects: 1.551300 ms  DeleteObjects: 0.093600 ms)

========================================================================
Received Prepare
Registering precompiled user dll's ...
Registered in 0.001922 seconds.
Begin MonoManager ReloadAssembly
Native extension for WindowsStandalone target not found
Refreshing native plugins compatible for Editor in 0.33 ms, found 1 plugins.
Preloading 0 native plugins for Editor in 0.00 ms.
Mono: successfully reloaded assembly
- Completed reload, in  0.679 seconds
Platform modules already initialized, skipping
Refreshing native plugins compatible for Editor in 0.32 ms, found 1 plugins.
Preloading 0 native plugins for Editor in 0.00 ms.
Unloading 1819 Unused Serialized files (Serialized files now loaded: 0)
System memory in use before: 86.6 MB.
System memory in use after: 86.5 MB.

Unloading 15 unused Assets to reduce memory usage. Loaded Objects now: 2396.
Total: 1.726600 ms (FindLiveObjects: 0.179100 ms CreateObjectMapping: 0.059200 ms MarkObjects: 1.404200 ms  DeleteObjects: 0.083200 ms)

========================================================================
Received Prepare
Registering precompiled user dll's ...
Registered in 0.001843 seconds.
Begin MonoManager ReloadAssembly
Native extension for WindowsStandalone target not found
Refreshing native plugins compatible for Editor in 0.61 ms, found 1 plugins.
Preloading 0 native plugins for Editor in 0.00 ms.
Mono: successfully reloaded assembly
- Completed reload, in  0.713 seconds
Platform modules already initialized, skipping
Refreshing native plugins compatible for Editor in 0.60 ms, found 1 plugins.
Preloading 0 native plugins for Editor in 0.00 ms.
Unloading 1819 Unused Serialized files (Serialized files now loaded: 0)
System memory in use before: 86.6 MB.
System memory in use after: 86.5 MB.

Unloading 15 unused Assets to reduce memory usage. Loaded Objects now: 2400.
Total: 1.879600 ms (FindLiveObjects: 0.292400 ms CreateObjectMapping: 0.076400 ms MarkObjects: 1.415500 ms  DeleteObjects: 0.094100 ms)

========================================================================
Received Prepare
Registering precompiled user dll's ...
Registered in 0.001712 seconds.
Begin MonoManager ReloadAssembly
Native extension for WindowsStandalone target not found
Refreshing native plugins compatible for Editor in 0.33 ms, found 1 plugins.
Preloading 0 native plugins for Editor in 0.00 ms.
Mono: successfully reloaded assembly
- Completed reload, in  0.674 seconds
Platform modules already initialized, skipping
Refreshing native plugins compatible for Editor in 0.32 ms, found 1 plugins.
Preloading 0 native plugins for Editor in 0.00 ms.
Unloading 1819 Unused Serialized files (Serialized files now loaded: 0)
System memory in use before: 86.6 MB.
System memory in use after: 86.6 MB.

Unloading 15 unused Assets to reduce memory usage. Loaded Objects now: 2404.
Total: 1.952000 ms (FindLiveObjects: 0.293200 ms CreateObjectMapping: 0.081900 ms MarkObjects: 1.474400 ms  DeleteObjects: 0.101300 ms)

========================================================================
Received Prepare
Registering precompiled user dll's ...
Registered in 0.001726 seconds.
Begin MonoManager ReloadAssembly
Native extension for WindowsStandalone target not found
Refreshing native plugins compatible for Editor in 0.34 ms, found 1 plugins.
Preloading 0 native plugins for Editor in 0.00 ms.
Mono: successfully reloaded assembly
- Completed reload, in  0.663 seconds
Platform modules already initialized, skipping
Refreshing native plugins compatible for Editor in 0.32 ms, found 1 plugins.
Preloading 0 native plugins for Editor in 0.00 ms.
Unloading 1819 Unused Serialized files (Serialized files now loaded: 0)
System memory in use before: 86.6 MB.
System memory in use after: 86.6 MB.

Unloading 15 unused Assets to reduce memory usage. Loaded Objects now: 2408.
Total: 1.704300 ms (FindLiveObjects: 0.200100 ms CreateObjectMapping: 0.063500 ms MarkObjects: 1.357400 ms  DeleteObjects: 0.082400 ms)

========================================================================
Received Prepare
Registering precompiled user dll's ...
Registered in 0.001863 seconds.
Begin MonoManager ReloadAssembly
Native extension for WindowsStandalone target not found
Refreshing native plugins compatible for Editor in 0.36 ms, found 1 plugins.
Preloading 0 native plugins for Editor in 0.00 ms.
Mono: successfully reloaded assembly
- Completed reload, in  0.729 seconds
Platform modules already initialized, skipping
Refreshing native plugins compatible for Editor in 0.35 ms, found 1 plugins.
Preloading 0 native plugins for Editor in 0.00 ms.
Unloading 1819 Unused Serialized files (Serialized files now loaded: 0)
System memory in use before: 86.6 MB.
System memory in use after: 86.6 MB.

Unloading 15 unused Assets to reduce memory usage. Loaded Objects now: 2412.
Total: 1.790600 ms (FindLiveObjects: 0.218900 ms CreateObjectMapping: 0.076600 ms MarkObjects: 1.403000 ms  DeleteObjects: 0.091200 ms)

========================================================================
Received Prepare
Registering precompiled user dll's ...
Registered in 0.001785 seconds.
Begin MonoManager ReloadAssembly
Native extension for WindowsStandalone target not found
Refreshing native plugins compatible for Editor in 0.33 ms, found 1 plugins.
Preloading 0 native plugins for Editor in 0.00 ms.
Mono: successfully reloaded assembly
- Completed reload, in  0.665 seconds
Platform modules already initialized, skipping
Refreshing native plugins compatible for Editor in 0.32 ms, found 1 plugins.
Preloading 0 native plugins for Editor in 0.00 ms.
Unloading 1819 Unused Serialized files (Serialized files now loaded: 0)
System memory in use before: 86.6 MB.
System memory in use after: 86.6 MB.

Unloading 15 unused Assets to reduce memory usage. Loaded Objects now: 2416.
Total: 1.884300 ms (FindLiveObjects: 0.183900 ms CreateObjectMapping: 0.065700 ms MarkObjects: 1.551100 ms  DeleteObjects: 0.082700 ms)

========================================================================
Received Prepare
Registering precompiled user dll's ...
Registered in 0.002045 seconds.
Begin MonoManager ReloadAssembly
Native extension for WindowsStandalone target not found
Refreshing native plugins compatible for Editor in 0.34 ms, found 1 plugins.
Preloading 0 native plugins for Editor in 0.00 ms.
Mono: successfully reloaded assembly
- Completed reload, in  0.689 seconds
Platform modules already initialized, skipping
Refreshing native plugins compatible for Editor in 0.31 ms, found 1 plugins.
Preloading 0 native plugins for Editor in 0.00 ms.
Unloading 1819 Unused Serialized files (Serialized files now loaded: 0)
System memory in use before: 86.6 MB.
System memory in use after: 86.6 MB.

Unloading 15 unused Assets to reduce memory usage. Loaded Objects now: 2420.
Total: 1.696200 ms (FindLiveObjects: 0.200200 ms CreateObjectMapping: 0.071600 ms MarkObjects: 1.340800 ms  DeleteObjects: 0.082900 ms)

========================================================================
Received Prepare
Registering precompiled user dll's ...
Registered in 0.001741 seconds.
Begin MonoManager ReloadAssembly
Native extension for WindowsStandalone target not found
Refreshing native plugins compatible for Editor in 0.33 ms, found 1 plugins.
Preloading 0 native plugins for Editor in 0.00 ms.
Mono: successfully reloaded assembly
- Completed reload, in  0.667 seconds
Platform modules already initialized, skipping
Refreshing native plugins compatible for Editor in 0.31 ms, found 1 plugins.
Preloading 0 native plugins for Editor in 0.00 ms.
Unloading 1819 Unused Serialized files (Serialized files now loaded: 0)
System memory in use before: 86.6 MB.
System memory in use after: 86.6 MB.

Unloading 15 unused Assets to reduce memory usage. Loaded Objects now: 2424.
Total: 2.023900 ms (FindLiveObjects: 0.250300 ms CreateObjectMapping: 0.123200 ms MarkObjects: 1.565300 ms  DeleteObjects: 0.084500 ms)

========================================================================
Received Import Request.
  Time since last request: 2356.111757 seconds.
  path: Assets/Scripts/DeckButton.cs
  artifactKey: Guid(2f1c9b3d85a07f54b9ec5a479bfdf8fe) Importer(815301076,1909f56bfc062723c751e8b465ee728b)
Start importing Assets/Scripts/DeckButton.cs using Guid(2f1c9b3d85a07f54b9ec5a479bfdf8fe) Importer(815301076,1909f56bfc062723c751e8b465ee728b)  -> (artifact id: 'ed9775a55f4ff70870b0f81de21ae465') in 0.005790 seconds
  Import took 0.028593 seconds .

========================================================================
Received Prepare
Registering precompiled user dll's ...
Registered in 0.001791 seconds.
Begin MonoManager ReloadAssembly
Native extension for WindowsStandalone target not found
Refreshing native plugins compatible for Editor in 0.35 ms, found 1 plugins.
Preloading 0 native plugins for Editor in 0.00 ms.
Mono: successfully reloaded assembly
- Completed reload, in  0.705 seconds
Platform modules already initialized, skipping
Refreshing native plugins compatible for Editor in 0.33 ms, found 1 plugins.
Preloading 0 native plugins for Editor in 0.00 ms.
Unloading 1820 Unused Serialized files (Serialized files now loaded: 0)
System memory in use before: 86.7 MB.
System memory in use after: 86.6 MB.

Unloading 15 unused Assets to reduce memory usage. Loaded Objects now: 2429.
Total: 1.984200 ms (FindLiveObjects: 0.255400 ms CreateObjectMapping: 0.080800 ms MarkObjects: 1.550800 ms  DeleteObjects: 0.096000 ms)

========================================================================
Received Import Request.
  Time since last request: 234.677394 seconds.
  path: Assets/Scripts/DeckController.cs
  artifactKey: Guid(fee0f776ea96a1f4fb15dfa3e4eebd3c) Importer(815301076,1909f56bfc062723c751e8b465ee728b)
Start importing Assets/Scripts/DeckController.cs using Guid(fee0f776ea96a1f4fb15dfa3e4eebd3c) Importer(815301076,1909f56bfc062723c751e8b465ee728b)  -> (artifact id: '11d4228f9c2fca57b87b410b431f5598') in 0.003760 seconds
  Import took 0.037514 seconds .

========================================================================
Received Import Request.
  Time since last request: 0.000401 seconds.
  path: Assets/Scripts/DeckController.cs
  artifactKey: Guid(fee0f776ea96a1f4fb15dfa3e4eebd3c) Importer(815301076,1909f56bfc062723c751e8b465ee728b)
Start importing Assets/Scripts/DeckController.cs using Guid(fee0f776ea96a1f4fb15dfa3e4eebd3c) Importer(815301076,1909f56bfc062723c751e8b465ee728b)  -> (artifact id: '11d4228f9c2fca57b87b410b431f5598') in 0.001578 seconds
  Import took 0.003840 seconds .

========================================================================
Received Prepare
Registering precompiled user dll's ...
Registered in 0.001844 seconds.
Begin MonoManager ReloadAssembly
Native extension for WindowsStandalone target not found
Refreshing native plugins compatible for Editor in 0.33 ms, found 1 plugins.
Preloading 0 native plugins for Editor in 0.00 ms.
Mono: successfully reloaded assembly
- Completed reload, in  0.688 seconds
Platform modules already initialized, skipping
Refreshing native plugins compatible for Editor in 0.32 ms, found 1 plugins.
Preloading 0 native plugins for Editor in 0.00 ms.
Unloading 1820 Unused Serialized files (Serialized files now loaded: 0)
System memory in use before: 86.7 MB.
System memory in use after: 86.7 MB.

Unloading 15 unused Assets to reduce memory usage. Loaded Objects now: 2433.
Total: 1.678100 ms (FindLiveObjects: 0.180900 ms CreateObjectMapping: 0.060600 ms MarkObjects: 1.343800 ms  DeleteObjects: 0.092000 ms)

========================================================================
Received Import Request.
  Time since last request: 1173.020305 seconds.
  path: Assets/Scripts/DeckController.cs
  artifactKey: Guid(fee0f776ea96a1f4fb15dfa3e4eebd3c) Importer(815301076,1909f56bfc062723c751e8b465ee728b)
Start importing Assets/Scripts/DeckController.cs using Guid(fee0f776ea96a1f4fb15dfa3e4eebd3c) Importer(815301076,1909f56bfc062723c751e8b465ee728b)  -> (artifact id: 'cb41e922c01347c704b8310866366d66') in 0.003361 seconds
  Import took 0.018382 seconds .

========================================================================
Received Prepare
Registering precompiled user dll's ...
Registered in 0.001888 seconds.
Begin MonoManager ReloadAssembly
Native extension for WindowsStandalone target not found
Refreshing native plugins compatible for Editor in 0.34 ms, found 1 plugins.
Preloading 0 native plugins for Editor in 0.00 ms.
Mono: successfully reloaded assembly
- Completed reload, in  0.687 seconds
Platform modules already initialized, skipping
Refreshing native plugins compatible for Editor in 0.32 ms, found 1 plugins.
Preloading 0 native plugins for Editor in 0.00 ms.
Unloading 1820 Unused Serialized files (Serialized files now loaded: 0)
System memory in use before: 86.7 MB.
System memory in use after: 86.7 MB.

Unloading 15 unused Assets to reduce memory usage. Loaded Objects now: 2437.
Total: 2.055800 ms (FindLiveObjects: 0.290900 ms CreateObjectMapping: 0.078300 ms MarkObjects: 1.557000 ms  DeleteObjects: 0.128900 ms)

========================================================================
Received Import Request.
  Time since last request: 632.024807 seconds.
  path: Assets/Sprites
  artifactKey: Guid(05c9be2f8d39660488c6dba58596b1bf) Importer(815301076,1909f56bfc062723c751e8b465ee728b)
Start importing Assets/Sprites using Guid(05c9be2f8d39660488c6dba58596b1bf) Importer(815301076,1909f56bfc062723c751e8b465ee728b)  -> (artifact id: '2b267e53055b8c46e02ab5c28d6cc834') in 0.003954 seconds
  Import took 0.006861 seconds .

========================================================================
Received Import Request.
  Time since last request: 17.407898 seconds.
  path: Assets/Sprites/PokemonCardBack.jpg
  artifactKey: Guid(040d04e2f0d34444aa787988bf4d959c) Importer(815301076,1909f56bfc062723c751e8b465ee728b)
Start importing Assets/Sprites/PokemonCardBack.jpg using Guid(040d04e2f0d34444aa787988bf4d959c) Importer(815301076,1909f56bfc062723c751e8b465ee728b)  -> (artifact id: '74955485c0e27a81accbf2a8fbaf4180') in 0.084214 seconds
  Import took 0.101161 seconds .

========================================================================
Received Import Request.
  Time since last request: 116.833342 seconds.
  path: Assets/Sprites/PokemonCardBack.jpg
  artifactKey: Guid(040d04e2f0d34444aa787988bf4d959c) Importer(815301076,1909f56bfc062723c751e8b465ee728b)
Start importing Assets/Sprites/PokemonCardBack.jpg using Guid(040d04e2f0d34444aa787988bf4d959c) Importer(815301076,1909f56bfc062723c751e8b465ee728b)  -> (artifact id: '4e09ebb58e252251072e95f3c1a30bd4') in 0.009366 seconds
  Import took 0.027269 seconds .

========================================================================
Received Prepare
Registering precompiled user dll's ...
Registered in 0.001821 seconds.
Begin MonoManager ReloadAssembly
Native extension for WindowsStandalone target not found
Refreshing native plugins compatible for Editor in 0.33 ms, found 1 plugins.
Preloading 0 native plugins for Editor in 0.00 ms.
Mono: successfully reloaded assembly
- Completed reload, in  0.678 seconds
Platform modules already initialized, skipping
Refreshing native plugins compatible for Editor in 0.33 ms, found 1 plugins.
Preloading 0 native plugins for Editor in 0.00 ms.
Unloading 1820 Unused Serialized files (Serialized files now loaded: 0)
System memory in use before: 89.7 MB.
System memory in use after: 89.7 MB.

Unloading 15 unused Assets to reduce memory usage. Loaded Objects now: 2447.
Total: 1.628900 ms (FindLiveObjects: 0.191400 ms CreateObjectMapping: 0.066000 ms MarkObjects: 1.289800 ms  DeleteObjects: 0.080600 ms)

========================================================================
Received Prepare
Registering precompiled user dll's ...
Registered in 0.001822 seconds.
Begin MonoManager ReloadAssembly
Native extension for WindowsStandalone target not found
Refreshing native plugins compatible for Editor in 0.35 ms, found 1 plugins.
Preloading 0 native plugins for Editor in 0.00 ms.
Mono: successfully reloaded assembly
- Completed reload, in  0.659 seconds
Platform modules already initialized, skipping
Refreshing native plugins compatible for Editor in 0.32 ms, found 1 plugins.
Preloading 0 native plugins for Editor in 0.00 ms.
Unloading 1820 Unused Serialized files (Serialized files now loaded: 0)
System memory in use before: 89.7 MB.
System memory in use after: 89.7 MB.

Unloading 15 unused Assets to reduce memory usage. Loaded Objects now: 2451.
Total: 2.033200 ms (FindLiveObjects: 0.302300 ms CreateObjectMapping: 0.146300 ms MarkObjects: 1.448100 ms  DeleteObjects: 0.135200 ms)

========================================================================
Received Prepare
Registering precompiled user dll's ...
Registered in 0.001795 seconds.
Begin MonoManager ReloadAssembly
Native extension for WindowsStandalone target not found
Refreshing native plugins compatible for Editor in 0.33 ms, found 1 plugins.
Preloading 0 native plugins for Editor in 0.00 ms.
Mono: successfully reloaded assembly
- Completed reload, in  0.677 seconds
Platform modules already initialized, skipping
Refreshing native plugins compatible for Editor in 0.32 ms, found 1 plugins.
Preloading 0 native plugins for Editor in 0.00 ms.
Unloading 1820 Unused Serialized files (Serialized files now loaded: 0)
System memory in use before: 89.8 MB.
System memory in use after: 89.7 MB.

Unloading 15 unused Assets to reduce memory usage. Loaded Objects now: 2455.
Total: 1.675300 ms (FindLiveObjects: 0.192800 ms CreateObjectMapping: 0.058200 ms MarkObjects: 1.337600 ms  DeleteObjects: 0.085900 ms)

========================================================================
Received Prepare
Registering precompiled user dll's ...
Registered in 0.001909 seconds.
Begin MonoManager ReloadAssembly
Native extension for WindowsStandalone target not found
Refreshing native plugins compatible for Editor in 0.37 ms, found 1 plugins.
Preloading 0 native plugins for Editor in 0.00 ms.
Mono: successfully reloaded assembly
- Completed reload, in  0.723 seconds
Platform modules already initialized, skipping
Refreshing native plugins compatible for Editor in 0.34 ms, found 1 plugins.
Preloading 0 native plugins for Editor in 0.00 ms.
Unloading 1820 Unused Serialized files (Serialized files now loaded: 0)
System memory in use before: 89.8 MB.
System memory in use after: 89.8 MB.

Unloading 15 unused Assets to reduce memory usage. Loaded Objects now: 2459.
Total: 1.848900 ms (FindLiveObjects: 0.236800 ms CreateObjectMapping: 0.071600 ms MarkObjects: 1.446800 ms  DeleteObjects: 0.092700 ms)

========================================================================
Received Prepare
Registering precompiled user dll's ...
Registered in 0.001777 seconds.
Begin MonoManager ReloadAssembly
Native extension for WindowsStandalone target not found
Refreshing native plugins compatible for Editor in 0.33 ms, found 1 plugins.
Preloading 0 native plugins for Editor in 0.00 ms.
Mono: successfully reloaded assembly
- Completed reload, in  0.668 seconds
Platform modules already initialized, skipping
Refreshing native plugins compatible for Editor in 0.32 ms, found 1 plugins.
Preloading 0 native plugins for Editor in 0.00 ms.
Unloading 1820 Unused Serialized files (Serialized files now loaded: 0)
System memory in use before: 89.8 MB.
System memory in use after: 89.8 MB.

Unloading 15 unused Assets to reduce memory usage. Loaded Objects now: 2463.
Total: 1.991400 ms (FindLiveObjects: 0.430900 ms CreateObjectMapping: 0.096000 ms MarkObjects: 1.378300 ms  DeleteObjects: 0.085100 ms)

========================================================================
Received Prepare
Registering precompiled user dll's ...
Registered in 0.001808 seconds.
Begin MonoManager ReloadAssembly
Native extension for WindowsStandalone target not found
Refreshing native plugins compatible for Editor in 0.34 ms, found 1 plugins.
Preloading 0 native plugins for Editor in 0.00 ms.
Mono: successfully reloaded assembly
- Completed reload, in  0.665 seconds
Platform modules already initialized, skipping
Refreshing native plugins compatible for Editor in 0.34 ms, found 1 plugins.
Preloading 0 native plugins for Editor in 0.00 ms.
Unloading 1820 Unused Serialized files (Serialized files now loaded: 0)
System memory in use before: 89.8 MB.
System memory in use after: 89.8 MB.

Unloading 15 unused Assets to reduce memory usage. Loaded Objects now: 2467.
Total: 2.138400 ms (FindLiveObjects: 0.294200 ms CreateObjectMapping: 0.125500 ms MarkObjects: 1.581300 ms  DeleteObjects: 0.136400 ms)

========================================================================
Received Prepare
Registering precompiled user dll's ...
Registered in 0.001832 seconds.
Begin MonoManager ReloadAssembly
Native extension for WindowsStandalone target not found
Refreshing native plugins compatible for Editor in 0.33 ms, found 1 plugins.
Preloading 0 native plugins for Editor in 0.00 ms.
Mono: successfully reloaded assembly
- Completed reload, in  0.679 seconds
Platform modules already initialized, skipping
Refreshing native plugins compatible for Editor in 0.33 ms, found 1 plugins.
Preloading 0 native plugins for Editor in 0.00 ms.
Unloading 1820 Unused Serialized files (Serialized files now loaded: 0)
System memory in use before: 89.8 MB.
System memory in use after: 89.8 MB.

Unloading 15 unused Assets to reduce memory usage. Loaded Objects now: 2471.
Total: 1.819000 ms (FindLiveObjects: 0.188400 ms CreateObjectMapping: 0.064900 ms MarkObjects: 1.470800 ms  DeleteObjects: 0.094200 ms)

========================================================================
Received Prepare
Registering precompiled user dll's ...
Registered in 0.001925 seconds.
Begin MonoManager ReloadAssembly
Native extension for WindowsStandalone target not found
Refreshing native plugins compatible for Editor in 0.36 ms, found 1 plugins.
Preloading 0 native plugins for Editor in 0.00 ms.
Mono: successfully reloaded assembly
- Completed reload, in  0.716 seconds
Platform modules already initialized, skipping
Refreshing native plugins compatible for Editor in 0.31 ms, found 1 plugins.
Preloading 0 native plugins for Editor in 0.00 ms.
Unloading 1820 Unused Serialized files (Serialized files now loaded: 0)
System memory in use before: 89.8 MB.
System memory in use after: 89.8 MB.

Unloading 15 unused Assets to reduce memory usage. Loaded Objects now: 2475.
Total: 1.821300 ms (FindLiveObjects: 0.314600 ms CreateObjectMapping: 0.077100 ms MarkObjects: 1.344000 ms  DeleteObjects: 0.084800 ms)

========================================================================
Received Prepare
Registering precompiled user dll's ...
Registered in 0.001859 seconds.
Begin MonoManager ReloadAssembly
Native extension for WindowsStandalone target not found
Refreshing native plugins compatible for Editor in 0.37 ms, found 1 plugins.
Preloading 0 native plugins for Editor in 0.00 ms.
Mono: successfully reloaded assembly
- Completed reload, in  0.702 seconds
Platform modules already initialized, skipping
Refreshing native plugins compatible for Editor in 0.35 ms, found 1 plugins.
Preloading 0 native plugins for Editor in 0.00 ms.
Unloading 1820 Unused Serialized files (Serialized files now loaded: 0)
System memory in use before: 89.8 MB.
System memory in use after: 89.8 MB.

Unloading 15 unused Assets to reduce memory usage. Loaded Objects now: 2479.
Total: 1.889600 ms (FindLiveObjects: 0.223000 ms CreateObjectMapping: 0.078900 ms MarkObjects: 1.490900 ms  DeleteObjects: 0.095300 ms)

========================================================================
Received Prepare
Registering precompiled user dll's ...
Registered in 0.001814 seconds.
Begin MonoManager ReloadAssembly
Native extension for WindowsStandalone target not found
Refreshing native plugins compatible for Editor in 0.33 ms, found 1 plugins.
Preloading 0 native plugins for Editor in 0.00 ms.
Mono: successfully reloaded assembly
- Completed reload, in  0.660 seconds
Platform modules already initialized, skipping
Refreshing native plugins compatible for Editor in 0.32 ms, found 1 plugins.
Preloading 0 native plugins for Editor in 0.00 ms.
Unloading 1820 Unused Serialized files (Serialized files now loaded: 0)
System memory in use before: 89.8 MB.
System memory in use after: 89.8 MB.

Unloading 15 unused Assets to reduce memory usage. Loaded Objects now: 2483.
Total: 1.918100 ms (FindLiveObjects: 0.194300 ms CreateObjectMapping: 0.055200 ms MarkObjects: 1.581900 ms  DeleteObjects: 0.086200 ms)

========================================================================
Received Prepare
Registering precompiled user dll's ...
Registered in 0.001809 seconds.
Begin MonoManager ReloadAssembly
Native extension for WindowsStandalone target not found
Refreshing native plugins compatible for Editor in 0.33 ms, found 1 plugins.
Preloading 0 native plugins for Editor in 0.00 ms.
Mono: successfully reloaded assembly
- Completed reload, in  0.712 seconds
Platform modules already initialized, skipping
Refreshing native plugins compatible for Editor in 0.32 ms, found 1 plugins.
Preloading 0 native plugins for Editor in 0.00 ms.
Unloading 1820 Unused Serialized files (Serialized files now loaded: 0)
System memory in use before: 89.8 MB.
System memory in use after: 89.8 MB.

Unloading 15 unused Assets to reduce memory usage. Loaded Objects now: 2487.
Total: 1.653500 ms (FindLiveObjects: 0.181400 ms CreateObjectMapping: 0.061000 ms MarkObjects: 1.323500 ms  DeleteObjects: 0.086500 ms)

========================================================================
Received Prepare
Registering precompiled user dll's ...
Registered in 0.001838 seconds.
Begin MonoManager ReloadAssembly
Native extension for WindowsStandalone target not found
Refreshing native plugins compatible for Editor in 0.37 ms, found 1 plugins.
Preloading 0 native plugins for Editor in 0.00 ms.
Mono: successfully reloaded assembly
- Completed reload, in  0.662 seconds
Platform modules already initialized, skipping
Refreshing native plugins compatible for Editor in 0.36 ms, found 1 plugins.
Preloading 0 native plugins for Editor in 0.00 ms.
Unloading 1820 Unused Serialized files (Serialized files now loaded: 0)
System memory in use before: 89.8 MB.
System memory in use after: 89.8 MB.

Unloading 15 unused Assets to reduce memory usage. Loaded Objects now: 2491.
Total: 1.868300 ms (FindLiveObjects: 0.217500 ms CreateObjectMapping: 0.066400 ms MarkObjects: 1.488800 ms  DeleteObjects: 0.094600 ms)

========================================================================
Received Prepare
Registering precompiled user dll's ...
Registered in 0.001767 seconds.
Begin MonoManager ReloadAssembly
Native extension for WindowsStandalone target not found
Refreshing native plugins compatible for Editor in 0.33 ms, found 1 plugins.
Preloading 0 native plugins for Editor in 0.00 ms.
Mono: successfully reloaded assembly
- Completed reload, in  0.674 seconds
Platform modules already initialized, skipping
Refreshing native plugins compatible for Editor in 0.33 ms, found 1 plugins.
Preloading 0 native plugins for Editor in 0.00 ms.
Unloading 1820 Unused Serialized files (Serialized files now loaded: 0)
System memory in use before: 89.8 MB.
System memory in use after: 89.8 MB.

Unloading 15 unused Assets to reduce memory usage. Loaded Objects now: 2495.
Total: 1.940700 ms (FindLiveObjects: 0.216700 ms CreateObjectMapping: 0.071500 ms MarkObjects: 1.555400 ms  DeleteObjects: 0.096300 ms)

========================================================================
Received Prepare
Registering precompiled user dll's ...
Registered in 0.001789 seconds.
Begin MonoManager ReloadAssembly
Native extension for WindowsStandalone target not found
Refreshing native plugins compatible for Editor in 0.34 ms, found 1 plugins.
Preloading 0 native plugins for Editor in 0.00 ms.
Mono: successfully reloaded assembly
- Completed reload, in  0.672 seconds
Platform modules already initialized, skipping
Refreshing native plugins compatible for Editor in 0.32 ms, found 1 plugins.
Preloading 0 native plugins for Editor in 0.00 ms.
Unloading 1820 Unused Serialized files (Serialized files now loaded: 0)
System memory in use before: 89.9 MB.
System memory in use after: 89.8 MB.

Unloading 15 unused Assets to reduce memory usage. Loaded Objects now: 2499.
Total: 2.035100 ms (FindLiveObjects: 0.232100 ms CreateObjectMapping: 0.066900 ms MarkObjects: 1.626400 ms  DeleteObjects: 0.108800 ms)

========================================================================
Received Prepare
Registering precompiled user dll's ...
Registered in 0.001798 seconds.
Begin MonoManager ReloadAssembly
Native extension for WindowsStandalone target not found
Refreshing native plugins compatible for Editor in 0.33 ms, found 1 plugins.
Preloading 0 native plugins for Editor in 0.00 ms.
Mono: successfully reloaded assembly
- Completed reload, in  0.669 seconds
Platform modules already initialized, skipping
Refreshing native plugins compatible for Editor in 0.31 ms, found 1 plugins.
Preloading 0 native plugins for Editor in 0.00 ms.
Unloading 1820 Unused Serialized files (Serialized files now loaded: 0)
System memory in use before: 89.9 MB.
System memory in use after: 89.8 MB.

Unloading 15 unused Assets to reduce memory usage. Loaded Objects now: 2503.
Total: 2.007400 ms (FindLiveObjects: 0.288800 ms CreateObjectMapping: 0.126500 ms MarkObjects: 1.463500 ms  DeleteObjects: 0.127900 ms)

========================================================================
Received Prepare
Registering precompiled user dll's ...
Registered in 0.001916 seconds.
Begin MonoManager ReloadAssembly
Native extension for WindowsStandalone target not found
Refreshing native plugins compatible for Editor in 0.33 ms, found 1 plugins.
Preloading 0 native plugins for Editor in 0.00 ms.
Mono: successfully reloaded assembly
- Completed reload, in  0.658 seconds
Platform modules already initialized, skipping
Refreshing native plugins compatible for Editor in 0.32 ms, found 1 plugins.
Preloading 0 native plugins for Editor in 0.00 ms.
Unloading 1820 Unused Serialized files (Serialized files now loaded: 0)
System memory in use before: 89.9 MB.
System memory in use after: 89.8 MB.

Unloading 15 unused Assets to reduce memory usage. Loaded Objects now: 2507.
Total: 1.806500 ms (FindLiveObjects: 0.231700 ms CreateObjectMapping: 0.076300 ms MarkObjects: 1.402800 ms  DeleteObjects: 0.094500 ms)

========================================================================
Received Import Request.
  Time since last request: 1211.887028 seconds.
  path: Assets/Sprites/HpButton.png
  artifactKey: Guid(43b9a3e3ab67fcb40a9d33f23e48a4e1) Importer(815301076,1909f56bfc062723c751e8b465ee728b)
Start importing Assets/Sprites/HpButton.png using Guid(43b9a3e3ab67fcb40a9d33f23e48a4e1) Importer(815301076,1909f56bfc062723c751e8b465ee728b)  -> (artifact id: '4768afe880fb2b0a416db768d2d4fd77') in 0.039677 seconds
  Import took 0.042555 seconds .

========================================================================
Received Import Request.
  Time since last request: 0.000191 seconds.
  path: Assets/Sprites/TypeButton.png
  artifactKey: Guid(56a30eb4b10087948a9ebc14d121b145) Importer(815301076,1909f56bfc062723c751e8b465ee728b)
Start importing Assets/Sprites/TypeButton.png using Guid(56a30eb4b10087948a9ebc14d121b145) Importer(815301076,1909f56bfc062723c751e8b465ee728b)  -> (artifact id: '5249a7f3874b3552af393b1c6c238215') in 0.006300 seconds
  Import took 0.008636 seconds .

========================================================================
Received Import Request.
  Time since last request: 0.000162 seconds.
  path: Assets/Sprites/RarityButton.png
  artifactKey: Guid(591bdde59214d144bbbc409898482981) Importer(815301076,1909f56bfc062723c751e8b465ee728b)
Start importing Assets/Sprites/RarityButton.png using Guid(591bdde59214d144bbbc409898482981) Importer(815301076,1909f56bfc062723c751e8b465ee728b)  -> (artifact id: '3316960e909641f94d78025ea4742c37') in 0.006136 seconds
  Import took 0.025494 seconds .

========================================================================
Received Import Request.
  Time since last request: 69.491378 seconds.
  path: Assets/Sprites/HpButton.png
  artifactKey: Guid(43b9a3e3ab67fcb40a9d33f23e48a4e1) Importer(815301076,1909f56bfc062723c751e8b465ee728b)
Start importing Assets/Sprites/HpButton.png using Guid(43b9a3e3ab67fcb40a9d33f23e48a4e1) Importer(815301076,1909f56bfc062723c751e8b465ee728b)  -> (artifact id: 'e06765e38b538190cc05760a45b23d90') in 0.008836 seconds
  Import took 0.022479 seconds .

========================================================================
Received Import Request.
  Time since last request: 28.235976 seconds.
  path: Assets/Sprites/RarityButton.png
  artifactKey: Guid(591bdde59214d144bbbc409898482981) Importer(815301076,1909f56bfc062723c751e8b465ee728b)
Start importing Assets/Sprites/RarityButton.png using Guid(591bdde59214d144bbbc409898482981) Importer(815301076,1909f56bfc062723c751e8b465ee728b)  -> (artifact id: '379b0f0ac2f28188af1ea6787342828a') in 0.007569 seconds
  Import took 0.019843 seconds .

========================================================================
Received Import Request.
  Time since last request: 0.002985 seconds.
  path: Assets/Sprites/RarityButton.png
  artifactKey: Guid(591bdde59214d144bbbc409898482981) Importer(815301076,1909f56bfc062723c751e8b465ee728b)
Start importing Assets/Sprites/RarityButton.png using Guid(591bdde59214d144bbbc409898482981) Importer(815301076,1909f56bfc062723c751e8b465ee728b)  -> (artifact id: '379b0f0ac2f28188af1ea6787342828a') in 0.007748 seconds
  Import took 0.010231 seconds .

========================================================================
Received Import Request.
  Time since last request: 31.229978 seconds.
  path: Assets/Sprites/TypeButton.png
  artifactKey: Guid(56a30eb4b10087948a9ebc14d121b145) Importer(815301076,1909f56bfc062723c751e8b465ee728b)
Start importing Assets/Sprites/TypeButton.png using Guid(56a30eb4b10087948a9ebc14d121b145) Importer(815301076,1909f56bfc062723c751e8b465ee728b)  -> (artifact id: '969162f792cff56e5e84657752350d96') in 0.007530 seconds
  Import took 0.022247 seconds .

========================================================================
Received Prepare
Registering precompiled user dll's ...
Registered in 0.001805 seconds.
Begin MonoManager ReloadAssembly
Native extension for WindowsStandalone target not found
Refreshing native plugins compatible for Editor in 0.33 ms, found 1 plugins.
Preloading 0 native plugins for Editor in 0.00 ms.
Mono: successfully reloaded assembly
- Completed reload, in  0.680 seconds
Platform modules already initialized, skipping
Refreshing native plugins compatible for Editor in 0.32 ms, found 1 plugins.
Preloading 0 native plugins for Editor in 0.00 ms.
Unloading 1820 Unused Serialized files (Serialized files now loaded: 0)
System memory in use before: 89.9 MB.
System memory in use after: 89.9 MB.

Unloading 15 unused Assets to reduce memory usage. Loaded Objects now: 2516.
Total: 1.744000 ms (FindLiveObjects: 0.198600 ms CreateObjectMapping: 0.067800 ms MarkObjects: 1.389700 ms  DeleteObjects: 0.087200 ms)

========================================================================
Received Prepare
Registering precompiled user dll's ...
Registered in 0.002878 seconds.
Begin MonoManager ReloadAssembly
Native extension for WindowsStandalone target not found
Refreshing native plugins compatible for Editor in 0.35 ms, found 1 plugins.
Preloading 0 native plugins for Editor in 0.00 ms.
Mono: successfully reloaded assembly
- Completed reload, in  0.816 seconds
Platform modules already initialized, skipping
Refreshing native plugins compatible for Editor in 0.64 ms, found 1 plugins.
Preloading 0 native plugins for Editor in 0.00 ms.
Unloading 1820 Unused Serialized files (Serialized files now loaded: 0)
System memory in use before: 89.9 MB.
System memory in use after: 89.9 MB.

Unloading 15 unused Assets to reduce memory usage. Loaded Objects now: 2520.
Total: 2.071300 ms (FindLiveObjects: 0.313900 ms CreateObjectMapping: 0.092900 ms MarkObjects: 1.566800 ms  DeleteObjects: 0.096500 ms)

========================================================================
Received Prepare
Registering precompiled user dll's ...
Registered in 0.002050 seconds.
Begin MonoManager ReloadAssembly
Native extension for WindowsStandalone target not found
Refreshing native plugins compatible for Editor in 0.34 ms, found 1 plugins.
Preloading 0 native plugins for Editor in 0.00 ms.
Mono: successfully reloaded assembly
- Completed reload, in  0.664 seconds
Platform modules already initialized, skipping
Refreshing native plugins compatible for Editor in 0.53 ms, found 1 plugins.
Preloading 0 native plugins for Editor in 0.00 ms.
Unloading 1820 Unused Serialized files (Serialized files now loaded: 0)
System memory in use before: 89.9 MB.
System memory in use after: 89.9 MB.

Unloading 15 unused Assets to reduce memory usage. Loaded Objects now: 2524.
Total: 1.731600 ms (FindLiveObjects: 0.219300 ms CreateObjectMapping: 0.072300 ms MarkObjects: 1.351400 ms  DeleteObjects: 0.087900 ms)

========================================================================
Received Import Request.
  Time since last request: 1771.793958 seconds.
  path: Assets/Scenes
  artifactKey: Guid(9c6526932b7e73242aefd360328b92eb) Importer(815301076,1909f56bfc062723c751e8b465ee728b)
Start importing Assets/Scenes using Guid(9c6526932b7e73242aefd360328b92eb) Importer(815301076,1909f56bfc062723c751e8b465ee728b)  -> (artifact id: '832012db7641d080de796fdacfb10093') in 0.003632 seconds
  Import took 0.022652 seconds .

========================================================================
Received Import Request.
  Time since last request: 3.508697 seconds.
  path: Assets/Scripts/DeckController.cs
  artifactKey: Guid(fee0f776ea96a1f4fb15dfa3e4eebd3c) Importer(815301076,1909f56bfc062723c751e8b465ee728b)
Start importing Assets/Scripts/DeckController.cs using Guid(fee0f776ea96a1f4fb15dfa3e4eebd3c) Importer(815301076,1909f56bfc062723c751e8b465ee728b)  -> (artifact id: '65e2e356ffdc5d456aaeaf2ebaf9fbce') in 0.001370 seconds
  Import took 0.008607 seconds .

========================================================================
Received Import Request.
  Time since last request: 1.716662 seconds.
  path: Assets/Scripts/GameMaster.cs
  artifactKey: Guid(5fb0890bb20601f4b94e6d96fb02d28a) Importer(815301076,1909f56bfc062723c751e8b465ee728b)
Start importing Assets/Scripts/GameMaster.cs using Guid(5fb0890bb20601f4b94e6d96fb02d28a) Importer(815301076,1909f56bfc062723c751e8b465ee728b)  -> (artifact id: '89e0411b7b30b83c743ae49e027837a9') in 0.001651 seconds
  Import took 0.015559 seconds .

========================================================================
Received Prepare
Registering precompiled user dll's ...
Registered in 0.001795 seconds.
Begin MonoManager ReloadAssembly
Native extension for WindowsStandalone target not found
Refreshing native plugins compatible for Editor in 0.32 ms, found 1 plugins.
Preloading 0 native plugins for Editor in 0.00 ms.
Mono: successfully reloaded assembly
- Completed reload, in  0.664 seconds
Platform modules already initialized, skipping
Refreshing native plugins compatible for Editor in 0.32 ms, found 1 plugins.
Preloading 0 native plugins for Editor in 0.00 ms.
Unloading 1820 Unused Serialized files (Serialized files now loaded: 0)
System memory in use before: 89.9 MB.
System memory in use after: 89.9 MB.

Unloading 15 unused Assets to reduce memory usage. Loaded Objects now: 2528.
Total: 1.687500 ms (FindLiveObjects: 0.187100 ms CreateObjectMapping: 0.066100 ms MarkObjects: 1.350500 ms  DeleteObjects: 0.082800 ms)

========================================================================
Received Import Request.
  Time since last request: 299.473025 seconds.
  path: Assets/Scripts/GameMaster.cs
  artifactKey: Guid(5fb0890bb20601f4b94e6d96fb02d28a) Importer(815301076,1909f56bfc062723c751e8b465ee728b)
Start importing Assets/Scripts/GameMaster.cs using Guid(5fb0890bb20601f4b94e6d96fb02d28a) Importer(815301076,1909f56bfc062723c751e8b465ee728b)  -> (artifact id: '702bf5cff166be544c4c2716ccf8f1a5') in 0.003477 seconds
  Import took 0.006111 seconds .

========================================================================
Received Import Request.
  Time since last request: 56.405795 seconds.
  path: Assets/Sprites/wp2217915.jpg
  artifactKey: Guid(c911ea1f79753d344a80b1b05d1b6e82) Importer(815301076,1909f56bfc062723c751e8b465ee728b)
Start importing Assets/Sprites/wp2217915.jpg using Guid(c911ea1f79753d344a80b1b05d1b6e82) Importer(815301076,1909f56bfc062723c751e8b465ee728b)  -> (artifact id: '59a8279d09e409ccf49b8bcc2d6841bf') in 0.039135 seconds
  Import took 0.051988 seconds .

========================================================================
Received Import Request.
  Time since last request: 94.940949 seconds.
  path: Assets/Sprites/pokeball_loading.png
  artifactKey: Guid(99a5e04a9170ef24c83ef077e492fa30) Importer(815301076,1909f56bfc062723c751e8b465ee728b)
Start importing Assets/Sprites/pokeball_loading.png using Guid(99a5e04a9170ef24c83ef077e492fa30) Importer(815301076,1909f56bfc062723c751e8b465ee728b)  -> (artifact id: '3c470682e7edc0f280eebb141c3bd59c') in 0.006678 seconds
  Import took 0.031041 seconds .

========================================================================
Received Import Request.
  Time since last request: 45.832378 seconds.
  path: Assets/Sprites/pokeball_loading.png
  artifactKey: Guid(99a5e04a9170ef24c83ef077e492fa30) Importer(815301076,1909f56bfc062723c751e8b465ee728b)
Start importing Assets/Sprites/pokeball_loading.png using Guid(99a5e04a9170ef24c83ef077e492fa30) Importer(815301076,1909f56bfc062723c751e8b465ee728b)  -> (artifact id: '35ea1cec84668923b01ab66d916350c5') in 0.007545 seconds
  Import took 0.010154 seconds .

========================================================================
Received Import Request.
  Time since last request: 0.005299 seconds.
  path: Assets/Sprites/pokeball_loading.png
  artifactKey: Guid(99a5e04a9170ef24c83ef077e492fa30) Importer(815301076,1909f56bfc062723c751e8b465ee728b)
Start importing Assets/Sprites/pokeball_loading.png using Guid(99a5e04a9170ef24c83ef077e492fa30) Importer(815301076,1909f56bfc062723c751e8b465ee728b)  -> (artifact id: '35ea1cec84668923b01ab66d916350c5') in 0.006494 seconds
  Import took 0.009056 seconds .

========================================================================
Received Import Request.
  Time since last request: 18.829089 seconds.
  path: Assets/Scripts/LoadingScreen.cs
  artifactKey: Guid(4d5550a1d0e2e1149a30973a309fc660) Importer(815301076,1909f56bfc062723c751e8b465ee728b)
Start importing Assets/Scripts/LoadingScreen.cs using Guid(4d5550a1d0e2e1149a30973a309fc660) Importer(815301076,1909f56bfc062723c751e8b465ee728b)  -> (artifact id: '073a880fd84120df50c7fbb5041a6212') in 0.001737 seconds
  Import took 0.004472 seconds .

========================================================================
Received Prepare
Registering precompiled user dll's ...
Registered in 0.002682 seconds.
Begin MonoManager ReloadAssembly
Native extension for WindowsStandalone target not found
Refreshing native plugins compatible for Editor in 0.34 ms, found 1 plugins.
Preloading 0 native plugins for Editor in 0.00 ms.
Mono: successfully reloaded assembly
- Completed reload, in  0.704 seconds
Platform modules already initialized, skipping
Refreshing native plugins compatible for Editor in 0.32 ms, found 1 plugins.
Preloading 0 native plugins for Editor in 0.00 ms.
Unloading 1821 Unused Serialized files (Serialized files now loaded: 0)
System memory in use before: 90.0 MB.
System memory in use after: 89.9 MB.

Unloading 15 unused Assets to reduce memory usage. Loaded Objects now: 2536.
Total: 1.729300 ms (FindLiveObjects: 0.219600 ms CreateObjectMapping: 0.059600 ms MarkObjects: 1.317000 ms  DeleteObjects: 0.132400 ms)

========================================================================
Received Prepare
Registering precompiled user dll's ...
Registered in 0.001844 seconds.
Begin MonoManager ReloadAssembly
Native extension for WindowsStandalone target not found
Refreshing native plugins compatible for Editor in 0.32 ms, found 1 plugins.
Preloading 0 native plugins for Editor in 0.00 ms.
Mono: successfully reloaded assembly
- Completed reload, in  0.657 seconds
Platform modules already initialized, skipping
Refreshing native plugins compatible for Editor in 0.30 ms, found 1 plugins.
Preloading 0 native plugins for Editor in 0.00 ms.
Unloading 1821 Unused Serialized files (Serialized files now loaded: 0)
System memory in use before: 90.0 MB.
System memory in use after: 89.9 MB.

Unloading 15 unused Assets to reduce memory usage. Loaded Objects now: 2540.
Total: 1.882500 ms (FindLiveObjects: 0.308400 ms CreateObjectMapping: 0.082400 ms MarkObjects: 1.390300 ms  DeleteObjects: 0.100600 ms)

========================================================================
Received Prepare
Registering precompiled user dll's ...
Registered in 0.002101 seconds.
Begin MonoManager ReloadAssembly
Native extension for WindowsStandalone target not found
Refreshing native plugins compatible for Editor in 0.32 ms, found 1 plugins.
Preloading 0 native plugins for Editor in 0.00 ms.
Mono: successfully reloaded assembly
- Completed reload, in  0.661 seconds
Platform modules already initialized, skipping
Refreshing native plugins compatible for Editor in 0.31 ms, found 1 plugins.
Preloading 0 native plugins for Editor in 0.00 ms.
Unloading 1821 Unused Serialized files (Serialized files now loaded: 0)
System memory in use before: 90.0 MB.
System memory in use after: 90.0 MB.

Unloading 15 unused Assets to reduce memory usage. Loaded Objects now: 2544.
Total: 1.968700 ms (FindLiveObjects: 0.207500 ms CreateObjectMapping: 0.108900 ms MarkObjects: 1.568500 ms  DeleteObjects: 0.083100 ms)

========================================================================
Received Import Request.
  Time since last request: 701.472898 seconds.
  path: Assets/Scripts/LoadingScreen.cs
  artifactKey: Guid(4d5550a1d0e2e1149a30973a309fc660) Importer(815301076,1909f56bfc062723c751e8b465ee728b)
Start importing Assets/Scripts/LoadingScreen.cs using Guid(4d5550a1d0e2e1149a30973a309fc660) Importer(815301076,1909f56bfc062723c751e8b465ee728b)  -> (artifact id: 'daf048615bee58accb1def5d9d249c14') in 0.003448 seconds
  Import took 0.005576 seconds .

========================================================================
Received Import Request.
  Time since last request: 147.570604 seconds.
  path: Assets/Sprites/LoadingPixel.png
  artifactKey: Guid(4a62c2fb40912eb46ac6e291ce0c98b3) Importer(815301076,1909f56bfc062723c751e8b465ee728b)
Start importing Assets/Sprites/LoadingPixel.png using Guid(4a62c2fb40912eb46ac6e291ce0c98b3) Importer(815301076,1909f56bfc062723c751e8b465ee728b)  -> (artifact id: 'bea0fec63d97888035680b3d525875b3') in 0.035185 seconds
  Import took 0.038322 seconds .

========================================================================
Received Import Request.
  Time since last request: 0.001802 seconds.
  path: Assets/Sprites/LoadingPixel.png
  artifactKey: Guid(4a62c2fb40912eb46ac6e291ce0c98b3) Importer(815301076,1909f56bfc062723c751e8b465ee728b)
Start importing Assets/Sprites/LoadingPixel.png using Guid(4a62c2fb40912eb46ac6e291ce0c98b3) Importer(815301076,1909f56bfc062723c751e8b465ee728b)  -> (artifact id: 'bea0fec63d97888035680b3d525875b3') in 0.004732 seconds
  Import took 0.007197 seconds .

========================================================================
Received Prepare
Registering precompiled user dll's ...
Registered in 0.001806 seconds.
Begin MonoManager ReloadAssembly
Native extension for WindowsStandalone target not found
Refreshing native plugins compatible for Editor in 0.34 ms, found 1 plugins.
Preloading 0 native plugins for Editor in 0.00 ms.
Mono: successfully reloaded assembly
- Completed reload, in  0.682 seconds
Platform modules already initialized, skipping
Refreshing native plugins compatible for Editor in 0.31 ms, found 1 plugins.
Preloading 0 native plugins for Editor in 0.00 ms.
Unloading 1821 Unused Serialized files (Serialized files now loaded: 0)
System memory in use before: 90.0 MB.
System memory in use after: 90.0 MB.

Unloading 15 unused Assets to reduce memory usage. Loaded Objects now: 2551.
Total: 1.880900 ms (FindLiveObjects: 0.201200 ms CreateObjectMapping: 0.055900 ms MarkObjects: 1.543000 ms  DeleteObjects: 0.080300 ms)

========================================================================
Received Prepare
Registering precompiled user dll's ...
Registered in 0.001899 seconds.
Begin MonoManager ReloadAssembly
Native extension for WindowsStandalone target not found
Refreshing native plugins compatible for Editor in 0.40 ms, found 1 plugins.
Preloading 0 native plugins for Editor in 0.00 ms.
Mono: successfully reloaded assembly
- Completed reload, in  0.717 seconds
Platform modules already initialized, skipping
Refreshing native plugins compatible for Editor in 0.37 ms, found 1 plugins.
Preloading 0 native plugins for Editor in 0.00 ms.
Unloading 1821 Unused Serialized files (Serialized files now loaded: 0)
System memory in use before: 90.1 MB.
System memory in use after: 90.1 MB.

Unloading 15 unused Assets to reduce memory usage. Loaded Objects now: 2555.
Total: 1.880600 ms (FindLiveObjects: 0.234400 ms CreateObjectMapping: 0.083700 ms MarkObjects: 1.462200 ms  DeleteObjects: 0.099400 ms)

========================================================================
Received Prepare
Registering precompiled user dll's ...
Registered in 0.001861 seconds.
Begin MonoManager ReloadAssembly
Native extension for WindowsStandalone target not found
Refreshing native plugins compatible for Editor in 0.34 ms, found 1 plugins.
Preloading 0 native plugins for Editor in 0.00 ms.
Mono: successfully reloaded assembly
- Completed reload, in  0.708 seconds
Platform modules already initialized, skipping
Refreshing native plugins compatible for Editor in 0.34 ms, found 1 plugins.
Preloading 0 native plugins for Editor in 0.00 ms.
Unloading 1821 Unused Serialized files (Serialized files now loaded: 0)
System memory in use before: 90.0 MB.
System memory in use after: 90.0 MB.

Unloading 15 unused Assets to reduce memory usage. Loaded Objects now: 2559.
Total: 1.808900 ms (FindLiveObjects: 0.228500 ms CreateObjectMapping: 0.096100 ms MarkObjects: 1.390900 ms  DeleteObjects: 0.092600 ms)

========================================================================
Received Prepare
Registering precompiled user dll's ...
Registered in 0.001912 seconds.
Begin MonoManager ReloadAssembly
Native extension for WindowsStandalone target not found
Refreshing native plugins compatible for Editor in 0.32 ms, found 1 plugins.
Preloading 0 native plugins for Editor in 0.00 ms.
Mono: successfully reloaded assembly
- Completed reload, in  0.672 seconds
Platform modules already initialized, skipping
Refreshing native plugins compatible for Editor in 0.30 ms, found 1 plugins.
Preloading 0 native plugins for Editor in 0.00 ms.
Unloading 1821 Unused Serialized files (Serialized files now loaded: 0)
System memory in use before: 90.0 MB.
System memory in use after: 90.0 MB.

Unloading 15 unused Assets to reduce memory usage. Loaded Objects now: 2563.
Total: 1.941300 ms (FindLiveObjects: 0.253300 ms CreateObjectMapping: 0.080100 ms MarkObjects: 1.482700 ms  DeleteObjects: 0.124400 ms)

========================================================================
Received Prepare
Registering precompiled user dll's ...
Registered in 0.001801 seconds.
Begin MonoManager ReloadAssembly
Native extension for WindowsStandalone target not found
Refreshing native plugins compatible for Editor in 0.33 ms, found 1 plugins.
Preloading 0 native plugins for Editor in 0.00 ms.
Mono: successfully reloaded assembly
- Completed reload, in  0.678 seconds
Platform modules already initialized, skipping
Refreshing native plugins compatible for Editor in 0.31 ms, found 1 plugins.
Preloading 0 native plugins for Editor in 0.00 ms.
Unloading 1821 Unused Serialized files (Serialized files now loaded: 0)
System memory in use before: 90.0 MB.
System memory in use after: 90.0 MB.

Unloading 15 unused Assets to reduce memory usage. Loaded Objects now: 2567.
Total: 1.914300 ms (FindLiveObjects: 0.338100 ms CreateObjectMapping: 0.112100 ms MarkObjects: 1.346000 ms  DeleteObjects: 0.117300 ms)

========================================================================
Received Prepare
Registering precompiled user dll's ...
Registered in 0.001713 seconds.
Begin MonoManager ReloadAssembly
Native extension for WindowsStandalone target not found
Refreshing native plugins compatible for Editor in 0.33 ms, found 1 plugins.
Preloading 0 native plugins for Editor in 0.00 ms.
Mono: successfully reloaded assembly
- Completed reload, in  0.682 seconds
Platform modules already initialized, skipping
Refreshing native plugins compatible for Editor in 0.34 ms, found 1 plugins.
Preloading 0 native plugins for Editor in 0.00 ms.
Unloading 1821 Unused Serialized files (Serialized files now loaded: 0)
System memory in use before: 90.0 MB.
System memory in use after: 90.0 MB.

Unloading 15 unused Assets to reduce memory usage. Loaded Objects now: 2571.
Total: 1.727600 ms (FindLiveObjects: 0.190700 ms CreateObjectMapping: 0.063100 ms MarkObjects: 1.382600 ms  DeleteObjects: 0.090300 ms)

========================================================================
Received Prepare
Registering precompiled user dll's ...
Registered in 0.001799 seconds.
Begin MonoManager ReloadAssembly
Native extension for WindowsStandalone target not found
Refreshing native plugins compatible for Editor in 0.34 ms, found 1 plugins.
Preloading 0 native plugins for Editor in 0.00 ms.
Mono: successfully reloaded assembly
- Completed reload, in  0.677 seconds
Platform modules already initialized, skipping
Refreshing native plugins compatible for Editor in 0.31 ms, found 1 plugins.
Preloading 0 native plugins for Editor in 0.00 ms.
Unloading 1821 Unused Serialized files (Serialized files now loaded: 0)
System memory in use before: 90.0 MB.
System memory in use after: 90.0 MB.

Unloading 15 unused Assets to reduce memory usage. Loaded Objects now: 2575.
Total: 1.758600 ms (FindLiveObjects: 0.189400 ms CreateObjectMapping: 0.063500 ms MarkObjects: 1.422600 ms  DeleteObjects: 0.082300 ms)

========================================================================
Received Prepare
Registering precompiled user dll's ...
Registered in 0.001715 seconds.
Begin MonoManager ReloadAssembly
Native extension for WindowsStandalone target not found
Refreshing native plugins compatible for Editor in 0.33 ms, found 1 plugins.
Preloading 0 native plugins for Editor in 0.00 ms.
Mono: successfully reloaded assembly
- Completed reload, in  0.672 seconds
Platform modules already initialized, skipping
Refreshing native plugins compatible for Editor in 0.31 ms, found 1 plugins.
Preloading 0 native plugins for Editor in 0.00 ms.
Unloading 1821 Unused Serialized files (Serialized files now loaded: 0)
System memory in use before: 90.0 MB.
System memory in use after: 90.0 MB.

Unloading 15 unused Assets to reduce memory usage. Loaded Objects now: 2579.
Total: 1.690400 ms (FindLiveObjects: 0.187700 ms CreateObjectMapping: 0.060700 ms MarkObjects: 1.360900 ms  DeleteObjects: 0.080200 ms)

========================================================================
Received Prepare
Registering precompiled user dll's ...
Registered in 0.001978 seconds.
Begin MonoManager ReloadAssembly
Native extension for WindowsStandalone target not found
Refreshing native plugins compatible for Editor in 0.35 ms, found 1 plugins.
Preloading 0 native plugins for Editor in 0.00 ms.
Mono: successfully reloaded assembly
- Completed reload, in  0.730 seconds
Platform modules already initialized, skipping
Refreshing native plugins compatible for Editor in 0.37 ms, found 1 plugins.
Preloading 0 native plugins for Editor in 0.00 ms.
Unloading 1821 Unused Serialized files (Serialized files now loaded: 0)
System memory in use before: 90.1 MB.
System memory in use after: 90.0 MB.

Unloading 15 unused Assets to reduce memory usage. Loaded Objects now: 2583.
Total: 1.822800 ms (FindLiveObjects: 0.193100 ms CreateObjectMapping: 0.065300 ms MarkObjects: 1.464500 ms  DeleteObjects: 0.098900 ms)

========================================================================
Received Prepare
Registering precompiled user dll's ...
Registered in 0.001900 seconds.
Begin MonoManager ReloadAssembly
Native extension for WindowsStandalone target not found
Refreshing native plugins compatible for Editor in 0.33 ms, found 1 plugins.
Preloading 0 native plugins for Editor in 0.00 ms.
Mono: successfully reloaded assembly
- Completed reload, in  0.663 seconds
Platform modules already initialized, skipping
Refreshing native plugins compatible for Editor in 0.33 ms, found 1 plugins.
Preloading 0 native plugins for Editor in 0.00 ms.
Unloading 1821 Unused Serialized files (Serialized files now loaded: 0)
System memory in use before: 90.1 MB.
System memory in use after: 90.0 MB.

Unloading 15 unused Assets to reduce memory usage. Loaded Objects now: 2587.
Total: 1.911500 ms (FindLiveObjects: 0.194700 ms CreateObjectMapping: 0.068500 ms MarkObjects: 1.559900 ms  DeleteObjects: 0.087500 ms)

========================================================================
Received Prepare
Registering precompiled user dll's ...
Registered in 0.001802 seconds.
Begin MonoManager ReloadAssembly
Native extension for WindowsStandalone target not found
Refreshing native plugins compatible for Editor in 0.33 ms, found 1 plugins.
Preloading 0 native plugins for Editor in 0.00 ms.
Mono: successfully reloaded assembly
- Completed reload, in  0.678 seconds
Platform modules already initialized, skipping
Refreshing native plugins compatible for Editor in 0.30 ms, found 1 plugins.
Preloading 0 native plugins for Editor in 0.00 ms.
Unloading 1821 Unused Serialized files (Serialized files now loaded: 0)
System memory in use before: 90.1 MB.
System memory in use after: 90.1 MB.

Unloading 15 unused Assets to reduce memory usage. Loaded Objects now: 2591.
Total: 1.895700 ms (FindLiveObjects: 0.230600 ms CreateObjectMapping: 0.077500 ms MarkObjects: 1.498900 ms  DeleteObjects: 0.088000 ms)

========================================================================
Received Prepare
Registering precompiled user dll's ...
Registered in 0.001810 seconds.
Begin MonoManager ReloadAssembly
Native extension for WindowsStandalone target not found
Refreshing native plugins compatible for Editor in 0.33 ms, found 1 plugins.
Preloading 0 native plugins for Editor in 0.00 ms.
Mono: successfully reloaded assembly
- Completed reload, in  0.679 seconds
Platform modules already initialized, skipping
Refreshing native plugins compatible for Editor in 0.33 ms, found 1 plugins.
Preloading 0 native plugins for Editor in 0.00 ms.
Unloading 1821 Unused Serialized files (Serialized files now loaded: 0)
System memory in use before: 90.1 MB.
System memory in use after: 90.1 MB.

Unloading 15 unused Assets to reduce memory usage. Loaded Objects now: 2595.
Total: 1.758300 ms (FindLiveObjects: 0.199000 ms CreateObjectMapping: 0.069600 ms MarkObjects: 1.399300 ms  DeleteObjects: 0.089400 ms)

========================================================================
Received Prepare
Registering precompiled user dll's ...
Registered in 0.001758 seconds.
Begin MonoManager ReloadAssembly
Native extension for WindowsStandalone target not found
Refreshing native plugins compatible for Editor in 0.34 ms, found 1 plugins.
Preloading 0 native plugins for Editor in 0.00 ms.
Mono: successfully reloaded assembly
- Completed reload, in  0.684 seconds
Platform modules already initialized, skipping
Refreshing native plugins compatible for Editor in 0.31 ms, found 1 plugins.
Preloading 0 native plugins for Editor in 0.00 ms.
Unloading 1821 Unused Serialized files (Serialized files now loaded: 0)
System memory in use before: 90.1 MB.
System memory in use after: 90.1 MB.

Unloading 15 unused Assets to reduce memory usage. Loaded Objects now: 2599.
Total: 1.680500 ms (FindLiveObjects: 0.184100 ms CreateObjectMapping: 0.062700 ms MarkObjects: 1.350900 ms  DeleteObjects: 0.081700 ms)

========================================================================
Received Prepare
Registering precompiled user dll's ...
Registered in 0.001758 seconds.
Begin MonoManager ReloadAssembly
Native extension for WindowsStandalone target not found
Refreshing native plugins compatible for Editor in 0.35 ms, found 1 plugins.
Preloading 0 native plugins for Editor in 0.00 ms.
Mono: successfully reloaded assembly
- Completed reload, in  0.712 seconds
Platform modules already initialized, skipping
Refreshing native plugins compatible for Editor in 0.36 ms, found 1 plugins.
Preloading 0 native plugins for Editor in 0.00 ms.
Unloading 1821 Unused Serialized files (Serialized files now loaded: 0)
System memory in use before: 90.1 MB.
System memory in use after: 90.1 MB.

Unloading 15 unused Assets to reduce memory usage. Loaded Objects now: 2603.
Total: 1.871400 ms (FindLiveObjects: 0.228300 ms CreateObjectMapping: 0.074600 ms MarkObjects: 1.472000 ms  DeleteObjects: 0.095000 ms)

========================================================================
Received Prepare
Registering precompiled user dll's ...
Registered in 0.002492 seconds.
Begin MonoManager ReloadAssembly
Native extension for WindowsStandalone target not found
Refreshing native plugins compatible for Editor in 0.33 ms, found 1 plugins.
Preloading 0 native plugins for Editor in 0.00 ms.
Mono: successfully reloaded assembly
- Completed reload, in  0.673 seconds
Platform modules already initialized, skipping
Refreshing native plugins compatible for Editor in 0.32 ms, found 1 plugins.
Preloading 0 native plugins for Editor in 0.00 ms.
Unloading 1821 Unused Serialized files (Serialized files now loaded: 0)
System memory in use before: 90.1 MB.
System memory in use after: 90.1 MB.

Unloading 15 unused Assets to reduce memory usage. Loaded Objects now: 2607.
Total: 1.879900 ms (FindLiveObjects: 0.213800 ms CreateObjectMapping: 0.060800 ms MarkObjects: 1.519400 ms  DeleteObjects: 0.085200 ms)

========================================================================
Received Prepare
Registering precompiled user dll's ...
Registered in 0.002537 seconds.
Begin MonoManager ReloadAssembly
Native extension for WindowsStandalone target not found
Refreshing native plugins compatible for Editor in 0.33 ms, found 1 plugins.
Preloading 0 native plugins for Editor in 0.00 ms.
Mono: successfully reloaded assembly
- Completed reload, in  0.663 seconds
Platform modules already initialized, skipping
Refreshing native plugins compatible for Editor in 0.40 ms, found 1 plugins.
Preloading 0 native plugins for Editor in 0.00 ms.
Unloading 1821 Unused Serialized files (Serialized files now loaded: 0)
System memory in use before: 90.1 MB.
System memory in use after: 90.1 MB.

Unloading 15 unused Assets to reduce memory usage. Loaded Objects now: 2611.
Total: 1.932300 ms (FindLiveObjects: 0.198800 ms CreateObjectMapping: 0.064700 ms MarkObjects: 1.576200 ms  DeleteObjects: 0.091500 ms)

========================================================================
Received Prepare
Registering precompiled user dll's ...
Registered in 0.001743 seconds.
Begin MonoManager ReloadAssembly
Native extension for WindowsStandalone target not found
Refreshing native plugins compatible for Editor in 0.32 ms, found 1 plugins.
Preloading 0 native plugins for Editor in 0.00 ms.
Mono: successfully reloaded assembly
- Completed reload, in  0.663 seconds
Platform modules already initialized, skipping
Refreshing native plugins compatible for Editor in 0.30 ms, found 1 plugins.
Preloading 0 native plugins for Editor in 0.00 ms.
Unloading 1821 Unused Serialized files (Serialized files now loaded: 0)
System memory in use before: 90.1 MB.
System memory in use after: 90.1 MB.

Unloading 15 unused Assets to reduce memory usage. Loaded Objects now: 2615.
Total: 1.945800 ms (FindLiveObjects: 0.245800 ms CreateObjectMapping: 0.057100 ms MarkObjects: 1.516900 ms  DeleteObjects: 0.125400 ms)

AssetImportWorkerClient::OnTransportError - code=2 error=End of file
